[0m01:16:29.399688 [debug] [MainThread]: Sending event: {'category': 'dbt', 'action': 'invocation', 'label': 'start', 'context': [<snowplow_tracker.self_describing_json.SelfDescribingJson object at 0x000001C294AB7800>, <snowplow_tracker.self_describing_json.SelfDescribingJson object at 0x000001C294AB7FE0>, <snowplow_tracker.self_describing_json.SelfDescribingJson object at 0x000001C294AB78C0>]}


============================== 01:16:29.415802 | 5baf3dd2-8687-404b-ad6c-366e61f41d57 ==============================
[0m01:16:29.415802 [info ] [MainThread]: Running with dbt=1.7.13
[0m01:16:29.415802 [debug] [MainThread]: running dbt with arguments {'printer_width': '80', 'indirect_selection': 'eager', 'write_json': 'True', 'log_cache_events': 'False', 'partial_parse': 'True', 'cache_selected_only': 'False', 'warn_error': 'None', 'fail_fast': 'False', 'profiles_dir': 'C:\\Users\\alfayyedh\\.dbt', 'log_path': 'logs', 'debug': 'False', 'version_check': 'True', 'use_colors': 'True', 'use_experimental_parser': 'False', 'no_print': 'None', 'quiet': 'False', 'log_format': 'default', 'static_parser': 'True', 'introspect': 'True', 'warn_error_options': 'WarnErrorOptions(include=[], exclude=[])', 'target_path': 'None', 'invocation_command': 'dbt debug', 'send_anonymous_usage_stats': 'True'}
[0m01:16:29.415802 [info ] [MainThread]: dbt version: 1.7.13
[0m01:16:29.415802 [info ] [MainThread]: python version: 3.12.3
[0m01:16:29.415802 [info ] [MainThread]: python path: C:\Users\alfayyedh\AppData\Local\Programs\Python\Python312\python.exe
[0m01:16:29.415802 [info ] [MainThread]: os info: Windows-11-10.0.22621-SP0
[0m01:16:29.638265 [info ] [MainThread]: Using profiles dir at C:\Users\alfayyedh\.dbt
[0m01:16:29.639265 [info ] [MainThread]: Using profiles.yml file at C:\Users\alfayyedh\.dbt\profiles.yml
[0m01:16:29.639835 [info ] [MainThread]: Using dbt_project.yml file at C:\Users\alfayyedh\Pacmann\data_warehouse\final_project\dvdrental\dbt_project.yml
[0m01:16:29.641684 [info ] [MainThread]: adapter type: postgres
[0m01:16:29.642696 [info ] [MainThread]: adapter version: 1.7.13
[0m01:16:29.642696 [info ] [MainThread]: Configuration:
[0m01:16:29.643694 [info ] [MainThread]:   profiles.yml file [[32mOK found and valid[0m]
[0m01:16:29.644696 [info ] [MainThread]:   dbt_project.yml file [[31mERROR not found[0m]
[0m01:16:29.645697 [info ] [MainThread]: Required dependencies:
[0m01:16:29.646266 [debug] [MainThread]: Executing "git --help"
[0m01:16:29.743275 [debug] [MainThread]: STDOUT: "b"usage: git [-v | --version] [-h | --help] [-C <path>] [-c <name>=<value>]\n           [--exec-path[=<path>]] [--html-path] [--man-path] [--info-path]\n           [-p | --paginate | -P | --no-pager] [--no-replace-objects] [--bare]\n           [--git-dir=<path>] [--work-tree=<path>] [--namespace=<name>]\n           [--config-env=<name>=<envvar>] <command> [<args>]\n\nThese are common Git commands used in various situations:\n\nstart a working area (see also: git help tutorial)\n   clone     Clone a repository into a new directory\n   init      Create an empty Git repository or reinitialize an existing one\n\nwork on the current change (see also: git help everyday)\n   add       Add file contents to the index\n   mv        Move or rename a file, a directory, or a symlink\n   restore   Restore working tree files\n   rm        Remove files from the working tree and from the index\n\nexamine the history and state (see also: git help revisions)\n   bisect    Use binary search to find the commit that introduced a bug\n   diff      Show changes between commits, commit and working tree, etc\n   grep      Print lines matching a pattern\n   log       Show commit logs\n   show      Show various types of objects\n   status    Show the working tree status\n\ngrow, mark and tweak your common history\n   branch    List, create, or delete branches\n   commit    Record changes to the repository\n   merge     Join two or more development histories together\n   rebase    Reapply commits on top of another base tip\n   reset     Reset current HEAD to the specified state\n   switch    Switch branches\n   tag       Create, list, delete or verify a tag object signed with GPG\n\ncollaborate (see also: git help workflows)\n   fetch     Download objects and refs from another repository\n   pull      Fetch from and integrate with another repository or a local branch\n   push      Update remote refs along with associated objects\n\n'git help -a' and 'git help -g' list available subcommands and some\nconcept guides. See 'git help <command>' or 'git help <concept>'\nto read about a specific subcommand or concept.\nSee 'git help git' for an overview of the system.\n""
[0m01:16:29.743275 [debug] [MainThread]: STDERR: "b''"
[0m01:16:29.744275 [info ] [MainThread]:  - git [[32mOK found[0m]

[0m01:16:29.744913 [info ] [MainThread]: Connection:
[0m01:16:29.745923 [info ] [MainThread]:   host: localhost
[0m01:16:29.746922 [info ] [MainThread]:   port: 5433
[0m01:16:29.746922 [info ] [MainThread]:   user: postgres
[0m01:16:29.747923 [info ] [MainThread]:   database: pacflight
[0m01:16:29.748923 [info ] [MainThread]:   schema: pacflight_dbt
[0m01:16:29.748923 [info ] [MainThread]:   connect_timeout: 10
[0m01:16:29.749922 [info ] [MainThread]:   role: None
[0m01:16:29.750922 [info ] [MainThread]:   search_path: None
[0m01:16:29.751546 [info ] [MainThread]:   keepalives_idle: 0
[0m01:16:29.751546 [info ] [MainThread]:   sslmode: None
[0m01:16:29.752557 [info ] [MainThread]:   sslcert: None
[0m01:16:29.753555 [info ] [MainThread]:   sslkey: None
[0m01:16:29.753555 [info ] [MainThread]:   sslrootcert: None
[0m01:16:29.754556 [info ] [MainThread]:   application_name: dbt
[0m01:16:29.755556 [info ] [MainThread]:   retries: 1
[0m01:16:29.755556 [info ] [MainThread]: Registered adapter: postgres=1.7.13
[0m01:16:29.756555 [debug] [MainThread]: Acquiring new postgres connection 'debug'
[0m01:16:29.757556 [debug] [MainThread]: Using postgres connection "debug"
[0m01:16:29.757556 [debug] [MainThread]: On debug: select 1 as id
[0m01:16:29.758555 [debug] [MainThread]: Opening a new connection, currently in state init
[0m01:16:33.831250 [debug] [MainThread]: Postgres adapter: Got a retryable error when attempting to open a postgres connection.
1 attempts remaining. Retrying in 0 seconds.
Error:
connection to server at "localhost" (::1), port 5433 failed: Connection refused (0x0000274D/10061)
	Is the server running on that host and accepting TCP/IP connections?
connection to server at "localhost" (127.0.0.1), port 5433 failed: Connection refused (0x0000274D/10061)
	Is the server running on that host and accepting TCP/IP connections?

[0m01:16:37.935250 [debug] [MainThread]: Postgres adapter: Error running SQL: select 1 as id
[0m01:16:37.935250 [debug] [MainThread]: Postgres adapter: Rolling back transaction.
[0m01:16:37.935250 [debug] [MainThread]: On debug: No close available on handle
[0m01:16:37.935250 [info ] [MainThread]:   Connection test: [[31mERROR[0m]

[0m01:16:37.935250 [info ] [MainThread]: [31m2 checks failed:[0m
[0m01:16:37.935250 [info ] [MainThread]: Project loading failed for the following reason:
 project path <C:\Users\alfayyedh\Pacmann\data_warehouse\final_project\dvdrental\dbt_project.yml> not found

[0m01:16:37.935250 [info ] [MainThread]: dbt was unable to connect to the specified database.
The database returned the following error:

  >Database Error
  connection to server at "localhost" (::1), port 5433 failed: Connection refused (0x0000274D/10061)
  	Is the server running on that host and accepting TCP/IP connections?
  connection to server at "localhost" (127.0.0.1), port 5433 failed: Connection refused (0x0000274D/10061)
  	Is the server running on that host and accepting TCP/IP connections?
  

Check your database credentials and try again. For more information, visit:
https://docs.getdbt.com/docs/configure-your-profile


[0m01:16:37.954440 [debug] [MainThread]: Command `dbt debug` failed at 01:16:37.953440 after 8.72 seconds
[0m01:16:37.955438 [debug] [MainThread]: Connection 'debug' was properly closed.
[0m01:16:37.957942 [debug] [MainThread]: Sending event: {'category': 'dbt', 'action': 'invocation', 'label': 'end', 'context': [<snowplow_tracker.self_describing_json.SelfDescribingJson object at 0x000001C29410B470>, <snowplow_tracker.self_describing_json.SelfDescribingJson object at 0x000001C294ADE120>, <snowplow_tracker.self_describing_json.SelfDescribingJson object at 0x000001C2940764E0>]}
[0m01:16:37.959724 [debug] [MainThread]: Flushing usage events
[0m01:17:15.595756 [debug] [MainThread]: Sending event: {'category': 'dbt', 'action': 'invocation', 'label': 'start', 'context': [<snowplow_tracker.self_describing_json.SelfDescribingJson object at 0x000001E89A39F500>, <snowplow_tracker.self_describing_json.SelfDescribingJson object at 0x000001E89CB64CE0>, <snowplow_tracker.self_describing_json.SelfDescribingJson object at 0x000001E89CB64AD0>]}


============================== 01:17:15.595756 | f8bbd784-d39b-41f5-b928-1cfabe2eda82 ==============================
[0m01:17:15.595756 [info ] [MainThread]: Running with dbt=1.7.13
[0m01:17:15.611350 [debug] [MainThread]: running dbt with arguments {'printer_width': '80', 'indirect_selection': 'eager', 'write_json': 'True', 'log_cache_events': 'False', 'partial_parse': 'True', 'cache_selected_only': 'False', 'profiles_dir': 'C:\\Users\\alfayyedh\\.dbt', 'fail_fast': 'False', 'debug': 'False', 'log_path': 'logs', 'warn_error': 'None', 'version_check': 'True', 'use_colors': 'True', 'use_experimental_parser': 'False', 'no_print': 'None', 'quiet': 'False', 'log_format': 'default', 'static_parser': 'True', 'invocation_command': 'dbt init', 'warn_error_options': 'WarnErrorOptions(include=[], exclude=[])', 'target_path': 'None', 'introspect': 'True', 'send_anonymous_usage_stats': 'True'}
[0m01:17:24.452889 [debug] [MainThread]: Starter project path: C:\Users\alfayyedh\AppData\Local\Programs\Python\Python312\Lib\site-packages\dbt\include\starter_project
[0m01:17:24.497099 [info ] [MainThread]: 
Your new dbt project "bookstore" was created!

For more information on how to configure the profiles.yml file,
please consult the dbt documentation here:

  https://docs.getdbt.com/docs/configure-your-profile

One more thing:

Need help? Don't hesitate to reach out to us via GitHub issues or on Slack:

  https://community.getdbt.com/

Happy modeling!

[0m01:17:24.497099 [info ] [MainThread]: Setting up your profile.
[0m01:19:07.419200 [info ] [MainThread]: Profile bookstore written to C:\Users\alfayyedh\.dbt\profiles.yml using target's profile_template.yml and your supplied values. Run 'dbt debug' to validate the connection.
[0m01:19:07.432708 [debug] [MainThread]: Command `dbt init` succeeded at 01:19:07.432708 after 111.95 seconds
[0m01:19:07.434536 [debug] [MainThread]: Sending event: {'category': 'dbt', 'action': 'invocation', 'label': 'end', 'context': [<snowplow_tracker.self_describing_json.SelfDescribingJson object at 0x000001E89CA1AFF0>, <snowplow_tracker.self_describing_json.SelfDescribingJson object at 0x000001E89CBBCDD0>, <snowplow_tracker.self_describing_json.SelfDescribingJson object at 0x000001E89CA60CB0>]}
[0m01:19:07.436334 [debug] [MainThread]: Flushing usage events
[0m01:19:17.826422 [debug] [MainThread]: Sending event: {'category': 'dbt', 'action': 'invocation', 'label': 'start', 'context': [<snowplow_tracker.self_describing_json.SelfDescribingJson object at 0x0000018249EF4EC0>, <snowplow_tracker.self_describing_json.SelfDescribingJson object at 0x0000018249EF4B90>, <snowplow_tracker.self_describing_json.SelfDescribingJson object at 0x0000018249EF4C80>]}


============================== 01:19:17.832274 | 6f29a97e-e90d-4ba5-b666-9b62b8663ca2 ==============================
[0m01:19:17.832274 [info ] [MainThread]: Running with dbt=1.7.13
[0m01:19:17.832463 [debug] [MainThread]: running dbt with arguments {'printer_width': '80', 'indirect_selection': 'eager', 'write_json': 'True', 'log_cache_events': 'False', 'partial_parse': 'True', 'cache_selected_only': 'False', 'profiles_dir': 'C:\\Users\\alfayyedh\\.dbt', 'version_check': 'True', 'debug': 'False', 'log_path': 'logs', 'fail_fast': 'False', 'warn_error': 'None', 'use_colors': 'True', 'use_experimental_parser': 'False', 'no_print': 'None', 'quiet': 'False', 'log_format': 'default', 'introspect': 'True', 'warn_error_options': 'WarnErrorOptions(include=[], exclude=[])', 'invocation_command': 'dbt debug', 'target_path': 'None', 'static_parser': 'True', 'send_anonymous_usage_stats': 'True'}
[0m01:19:17.833486 [info ] [MainThread]: dbt version: 1.7.13
[0m01:19:17.834489 [info ] [MainThread]: python version: 3.12.3
[0m01:19:17.835486 [info ] [MainThread]: python path: C:\Users\alfayyedh\AppData\Local\Programs\Python\Python312\python.exe
[0m01:19:17.835486 [info ] [MainThread]: os info: Windows-11-10.0.22621-SP0
[0m01:19:17.937763 [info ] [MainThread]: Using profiles dir at C:\Users\alfayyedh\.dbt
[0m01:19:17.938763 [info ] [MainThread]: Using profiles.yml file at C:\Users\alfayyedh\.dbt\profiles.yml
[0m01:19:17.940176 [info ] [MainThread]: Using dbt_project.yml file at C:\Users\alfayyedh\Pacmann\data_warehouse\final_project\dvdrental\dbt_project.yml
[0m01:19:17.940839 [error] [MainThread]: Encountered an error:
Internal Error
  Profile should not be None if loading profile completed
[0m01:19:17.941850 [debug] [MainThread]: Command `dbt debug` failed at 01:19:17.941850 after 0.29 seconds
[0m01:19:17.942887 [debug] [MainThread]: Sending event: {'category': 'dbt', 'action': 'invocation', 'label': 'end', 'context': [<snowplow_tracker.self_describing_json.SelfDescribingJson object at 0x0000018249E02AE0>, <snowplow_tracker.self_describing_json.SelfDescribingJson object at 0x00000182451A64B0>, <snowplow_tracker.self_describing_json.SelfDescribingJson object at 0x0000018249DD2BA0>]}
[0m01:19:17.943887 [debug] [MainThread]: Flushing usage events
[0m01:35:41.653786 [debug] [MainThread]: Sending event: {'category': 'dbt', 'action': 'invocation', 'label': 'start', 'context': [<snowplow_tracker.self_describing_json.SelfDescribingJson object at 0x000001C53A7D9820>, <snowplow_tracker.self_describing_json.SelfDescribingJson object at 0x000001C53A7D9A00>, <snowplow_tracker.self_describing_json.SelfDescribingJson object at 0x000001C53A7D9940>]}


============================== 01:35:41.659177 | 117711b5-2f07-43ef-b777-30a8311c548e ==============================
[0m01:35:41.659177 [info ] [MainThread]: Running with dbt=1.8.0
[0m01:35:41.660282 [debug] [MainThread]: running dbt with arguments {'printer_width': '80', 'indirect_selection': 'eager', 'write_json': 'True', 'log_cache_events': 'False', 'partial_parse': 'True', 'cache_selected_only': 'False', 'profiles_dir': 'C:\\Users\\alfayyedh\\.dbt', 'fail_fast': 'False', 'warn_error': 'None', 'log_path': 'logs', 'debug': 'False', 'version_check': 'True', 'use_colors': 'True', 'use_experimental_parser': 'False', 'no_print': 'None', 'quiet': 'False', 'warn_error_options': 'WarnErrorOptions(include=[], exclude=[])', 'invocation_command': 'dbt init', 'static_parser': 'True', 'log_format': 'default', 'target_path': 'None', 'introspect': 'True', 'send_anonymous_usage_stats': 'True'}
[0m01:35:49.550093 [debug] [MainThread]: Starter project path: C:\Users\alfayyedh\Pacmann\data_warehouse\final_project\dvdrental\.venv\Lib\site-packages\dbt\include\starter_project
[0m01:35:49.579103 [info ] [MainThread]: 
Your new dbt project "bookstore" was created!

For more information on how to configure the profiles.yml file,
please consult the dbt documentation here:

  https://docs.getdbt.com/docs/configure-your-profile

One more thing:

Need help? Don't hesitate to reach out to us via GitHub issues or on Slack:

  https://community.getdbt.com/

Happy modeling!

[0m01:35:49.581102 [info ] [MainThread]: Setting up your profile.
[0m01:36:43.212053 [debug] [MainThread]: Command `dbt init` succeeded at 01:36:43.211060 after 61.75 seconds
[0m01:36:43.213068 [debug] [MainThread]: Sending event: {'category': 'dbt', 'action': 'invocation', 'label': 'end', 'context': [<snowplow_tracker.self_describing_json.SelfDescribingJson object at 0x000001C53A79F200>, <snowplow_tracker.self_describing_json.SelfDescribingJson object at 0x000001C53A7D9730>, <snowplow_tracker.self_describing_json.SelfDescribingJson object at 0x000001C537710140>]}
[0m01:36:43.214066 [debug] [MainThread]: Flushing usage events
[0m01:37:47.992211 [debug] [MainThread]: Sending event: {'category': 'dbt', 'action': 'invocation', 'label': 'start', 'context': [<snowplow_tracker.self_describing_json.SelfDescribingJson object at 0x000002E759770770>, <snowplow_tracker.self_describing_json.SelfDescribingJson object at 0x000002E75D314B00>, <snowplow_tracker.self_describing_json.SelfDescribingJson object at 0x000002E75A51BE30>]}


============================== 01:37:47.997249 | 746013c8-a9d1-48fc-80b2-359e80496a47 ==============================
[0m01:37:47.997249 [info ] [MainThread]: Running with dbt=1.8.0
[0m01:37:47.998209 [debug] [MainThread]: running dbt with arguments {'printer_width': '80', 'indirect_selection': 'eager', 'log_cache_events': 'False', 'write_json': 'True', 'partial_parse': 'True', 'cache_selected_only': 'False', 'warn_error': 'None', 'version_check': 'True', 'profiles_dir': 'C:\\Users\\alfayyedh\\.dbt', 'log_path': 'logs', 'fail_fast': 'False', 'debug': 'False', 'use_colors': 'True', 'use_experimental_parser': 'False', 'no_print': 'None', 'quiet': 'False', 'warn_error_options': 'WarnErrorOptions(include=[], exclude=[])', 'static_parser': 'True', 'introspect': 'True', 'log_format': 'default', 'target_path': 'None', 'invocation_command': 'dbt debug', 'send_anonymous_usage_stats': 'True'}
[0m01:37:48.022058 [info ] [MainThread]: dbt version: 1.8.0
[0m01:37:48.023022 [info ] [MainThread]: python version: 3.12.3
[0m01:37:48.023022 [info ] [MainThread]: python path: C:\Users\alfayyedh\Pacmann\data_warehouse\final_project\dvdrental\.venv\Scripts\python.exe
[0m01:37:48.024023 [info ] [MainThread]: os info: Windows-11-10.0.22621-SP0
[0m01:37:48.178985 [info ] [MainThread]: Using profiles dir at C:\Users\alfayyedh\.dbt
[0m01:37:48.179985 [info ] [MainThread]: Using profiles.yml file at C:\Users\alfayyedh\.dbt\profiles.yml
[0m01:37:48.180982 [info ] [MainThread]: Using dbt_project.yml file at C:\Users\alfayyedh\Pacmann\data_warehouse\final_project\dvdrental\dbt_project.yml
[0m01:37:48.181982 [error] [MainThread]: Encountered an error:
Internal Error
  Profile should not be None if loading profile completed
[0m01:37:48.183016 [debug] [MainThread]: Command `dbt debug` failed at 01:37:48.183016 after 0.35 seconds
[0m01:37:48.183981 [debug] [MainThread]: Sending event: {'category': 'dbt', 'action': 'invocation', 'label': 'end', 'context': [<snowplow_tracker.self_describing_json.SelfDescribingJson object at 0x000002E75DB8E9C0>, <snowplow_tracker.self_describing_json.SelfDescribingJson object at 0x000002E75A3A65D0>, <snowplow_tracker.self_describing_json.SelfDescribingJson object at 0x000002E75DF66ED0>]}
[0m01:37:48.183981 [debug] [MainThread]: Flushing usage events
[0m01:55:49.603791 [debug] [MainThread]: Sending event: {'category': 'dbt', 'action': 'invocation', 'label': 'start', 'context': [<snowplow_tracker.self_describing_json.SelfDescribingJson object at 0x000001F32D955A00>, <snowplow_tracker.self_describing_json.SelfDescribingJson object at 0x000001F32D00BDD0>, <snowplow_tracker.self_describing_json.SelfDescribingJson object at 0x000001F32A0EBF20>]}


============================== 01:55:49.610793 | b53cf8d6-e6a3-421c-9ada-2d4fff07f297 ==============================
[0m01:55:49.610793 [info ] [MainThread]: Running with dbt=1.8.0
[0m01:55:49.611793 [debug] [MainThread]: running dbt with arguments {'printer_width': '80', 'indirect_selection': 'eager', 'write_json': 'True', 'log_cache_events': 'False', 'partial_parse': 'True', 'cache_selected_only': 'False', 'warn_error': 'None', 'version_check': 'True', 'debug': 'False', 'log_path': 'logs', 'fail_fast': 'False', 'profiles_dir': 'C:\\Users\\alfayyedh\\.dbt', 'use_colors': 'True', 'use_experimental_parser': 'False', 'no_print': 'None', 'quiet': 'False', 'log_format': 'default', 'invocation_command': 'dbt debug', 'warn_error_options': 'WarnErrorOptions(include=[], exclude=[])', 'static_parser': 'True', 'target_path': 'None', 'introspect': 'True', 'send_anonymous_usage_stats': 'True'}
[0m01:55:49.643206 [info ] [MainThread]: dbt version: 1.8.0
[0m01:55:49.644204 [info ] [MainThread]: python version: 3.12.3
[0m01:55:49.645207 [info ] [MainThread]: python path: C:\Users\alfayyedh\Pacmann\data_warehouse\final_project\dvdrental\.venv\Scripts\python.exe
[0m01:55:49.646205 [info ] [MainThread]: os info: Windows-11-10.0.22621-SP0
[0m01:55:49.751881 [info ] [MainThread]: Using profiles dir at C:\Users\alfayyedh\.dbt
[0m01:55:49.752853 [info ] [MainThread]: Using profiles.yml file at C:\Users\alfayyedh\.dbt\profiles.yml
[0m01:55:49.753854 [info ] [MainThread]: Using dbt_project.yml file at C:\Users\alfayyedh\Pacmann\data_warehouse\final_project\dvdrental\dbt_project.yml
[0m01:55:49.753854 [error] [MainThread]: Encountered an error:
Internal Error
  Profile should not be None if loading profile completed
[0m01:55:49.755987 [debug] [MainThread]: Command `dbt debug` failed at 01:55:49.755987 after 0.28 seconds
[0m01:55:49.757985 [debug] [MainThread]: Sending event: {'category': 'dbt', 'action': 'invocation', 'label': 'end', 'context': [<snowplow_tracker.self_describing_json.SelfDescribingJson object at 0x000001F32CD78500>, <snowplow_tracker.self_describing_json.SelfDescribingJson object at 0x000001F32D6198E0>, <snowplow_tracker.self_describing_json.SelfDescribingJson object at 0x000001F32D7905C0>]}
[0m01:55:49.758989 [debug] [MainThread]: Flushing usage events
